<?xml version="1.0" encoding="UTF-8"?>
<!-- Generated by org.testng.reporters.JUnitReportReporter -->
<testsuite hostname="Shishirs-MBP" failures="0" tests="1" name="selenium.BasePage" time="20.662" errors="0" timestamp="2024-01-23T17:41:59 GMT-05:00" skipped="0">
  <testcase classname="selenium.BasePage" name="testMethod" time="20.662"/>
</testsuite> <!-- selenium.BasePage -->
