<?xml version="1.0" encoding="UTF-8"?>
<!-- Generated by org.testng.reporters.JUnitReportReporter -->
<testsuite hostname="Shishirs-MBP" failures="0" tests="4" name="selenium.ErrorValidation" time="52.491" errors="0" timestamp="2024-01-29T12:34:05 GMT-05:00" skipped="0">
  <testcase classname="selenium.ErrorValidation" name="productValidationTest" time="13.065"/>
  <testcase classname="selenium.ErrorValidation" name="loginValidationTest" time="10.532"/>
  <testcase classname="selenium.ErrorValidation" name="productValidationTest" time="13.457"/>
  <testcase classname="selenium.ErrorValidation" name="orderValidation" time="15.437"/>
</testsuite> <!-- selenium.ErrorValidation -->
