<?xml version="1.0" encoding="UTF-8"?>
<!-- Generated by org.testng.reporters.JUnitReportReporter -->
<testsuite hostname="Shishirs-MBP" failures="0" tests="3" name="selenium.ErrorValidation" time="50.542" errors="0" timestamp="2024-01-23T17:41:59 GMT-05:00" skipped="0">
  <testcase classname="selenium.ErrorValidation" name="loginValidationTest" time="12.504"/>
  <testcase classname="selenium.ErrorValidation" name="productValidationTest" time="26.380"/>
  <testcase classname="selenium.ErrorValidation" name="orderValidation" time="11.658"/>
</testsuite> <!-- selenium.ErrorValidation -->
