<?xml version="1.0" encoding="UTF-8"?>
<!-- Generated by org.testng.reporters.JUnitReportReporter -->
<testsuite hostname="Shishirs-MBP" failures="0" tests="1" name="ecommerce.tests.TestOrder" time="13.353" errors="0" timestamp="2024-01-23T20:24:34 GMT-05:00" skipped="0">
  <testcase classname="ecommerce.tests.TestOrder" name="testMethod" time="13.353"/>
</testsuite> <!-- ecommerce.tests.TestOrder -->
