<?xml version="1.0" encoding="UTF-8"?>
<!-- Generated by org.testng.reporters.JUnitReportReporter -->
<testsuite hostname="Shishirs-MBP" failures="0" tests="1" name="ecommerce.tests.TestOrder" time="21.642" errors="0" timestamp="2024-01-23T17:41:59 GMT-05:00" skipped="0">
  <testcase classname="ecommerce.tests.TestOrder" name="testMethod" time="21.642"/>
</testsuite> <!-- ecommerce.tests.TestOrder -->
