<?xml version="1.0" encoding="UTF-8"?>
<!-- Generated by org.testng.reporters.JUnitReportReporter -->
<testsuite hostname="Shishirs-MBP" failures="0" tests="1" name="selenium.BasePage" time="14.720" errors="0" timestamp="2024-01-23T20:25:52 GMT-05:00" skipped="0">
  <testcase classname="selenium.BasePage" name="testMethod" time="14.720"/>
</testsuite> <!-- selenium.BasePage -->
