<?xml version="1.0" encoding="UTF-8"?>
<!-- Generated by org.testng.reporters.JUnitReportReporter -->
<testsuite hostname="Shishirs-MBP" failures="0" tests="2" name="selenium.ErrorValidation" time="29.222" errors="0" timestamp="2024-01-24T19:31:23 GMT-05:00" skipped="0">
  <testcase classname="selenium.ErrorValidation" name="productValidationTest" time="14.715"/>
  <testcase classname="selenium.ErrorValidation" name="productValidationTest" time="14.507"/>
</testsuite> <!-- selenium.ErrorValidation -->
