<?xml version="1.0" encoding="UTF-8"?>
<!-- Generated by org.testng.reporters.JUnitReportReporter -->
<testsuite hostname="Shishirs-MBP" failures="0" tests="1" name="selenium.BasePage" time="16.036" errors="0" timestamp="2024-01-29T16:16:23 GMT-05:00" skipped="0">
  <testcase classname="selenium.BasePage" name="testMethod" time="16.036"/>
</testsuite> <!-- selenium.BasePage -->
