<?xml version="1.0" encoding="UTF-8"?>
<!-- Generated by org.testng.reporters.JUnitReportReporter -->
<testsuite hostname="Shishirs-MBP" failures="0" tests="4" name="selenium.ErrorValidation" time="214.250" errors="0" timestamp="2024-02-01T11:24:18 GMT-05:00" skipped="0">
  <testcase classname="selenium.ErrorValidation" name="loginValidationTest" time="111.400"/>
  <testcase classname="selenium.ErrorValidation" name="productValidationTest" time="42.904"/>
  <testcase classname="selenium.ErrorValidation" name="productValidationTest" time="28.599"/>
  <testcase classname="selenium.ErrorValidation" name="orderValidation" time="31.347"/>
</testsuite> <!-- selenium.ErrorValidation -->
