<?xml version="1.0" encoding="UTF-8"?>
<!-- Generated by org.testng.reporters.JUnitReportReporter -->
<testsuite hostname="Shishirs-MBP" failures="0" tests="1" name="ecommerce.tests.TestOrder" time="33.247" errors="0" timestamp="2024-02-01T11:24:18 GMT-05:00" skipped="0">
  <testcase classname="ecommerce.tests.TestOrder" name="testMethod" time="33.247"/>
</testsuite> <!-- ecommerce.tests.TestOrder -->
